<?xml version="1.0" encoding="UTF-8"?>
<!-- Generated by org.testng.reporters.JUnitXMLReporter -->
<testsuite ignored="4" hostname="DESKTOP-MC7UQM0" failures="1" tests="1" name="Default test" time="45.282" errors="0" timestamp="2024-01-26T19:20:14 IST">
  <testcase classname="features.contactInsights.ViewContactFeature" name="theUserCanSelectAllContactsOnThePageByClickingOnTheCheckboxInTheHeader" time="42.257">
    <failure type="org.openqa.selenium.ElementClickInterceptedException" message="element click intercepted: Element &amp;lt;input type=&amp;quot;checkbox&amp;quot; class=&amp;quot;mat-checkbox-input cdk-visually-hidden&amp;quot; id=&amp;quot;mat-checkbox-2-input&amp;quot; tabindex=&amp;quot;0&amp;quot; aria-checked=&amp;quot;false&amp;quot;&amp;gt; is not clickable at point (288, 301). Other element would receive the click: &amp;lt;div _ngcontent-veb-c387=&amp;quot;&amp;quot; class=&amp;quot;wm-table__cell contacts__check-cell&amp;quot;&amp;gt;...&amp;lt;/div&amp;gt;
  (Session info: chrome=120.0.6099.225)
Build info: version: &amp;apos;3.141.59&amp;apos;, revision: &amp;apos;e82be7d358&amp;apos;, time: &amp;apos;2018-11-14T08:17:03&amp;apos;
System info: host: &amp;apos;DESKTOP-MC7UQM0&amp;apos;, ip: &amp;apos;172.26.64.1&amp;apos;, os.name: &amp;apos;Windows 10&amp;apos;, os.arch: &amp;apos;amd64&amp;apos;, os.version: &amp;apos;10.0&amp;apos;, java.version: &amp;apos;17.0.1&amp;apos;
Driver info: org.openqa.selenium.chrome.ChromeDriver
Capabilities {acceptInsecureCerts: false, browserName: chrome, browserVersion: 120.0.6099.225, chrome: {chromedriverVersion: 120.0.6099.109 (3419140ab66..., userDataDir: C:\Users\Admin\AppData\Loca...}, fedcm:accounts: true, goog:chromeOptions: {debuggerAddress: localhost:56138}, javascriptEnabled: true, networkConnectionEnabled: false, pageLoadStrategy: normal, platform: WINDOWS, platformName: WINDOWS, proxy: Proxy(), setWindowRect: true, strictFileInteractability: false, timeouts: {implicit: 0, pageLoad: 300000, script: 30000}, unhandledPromptBehavior: dismiss and notify, webauthn:extension:credBlob: true, webauthn:extension:largeBlob: true, webauthn:extension:minPinLength: true, webauthn:extension:prf: true, webauthn:virtualAuthenticators: true}
Session ID: 0d963cf935c2359a619dd2cd0d5e074b">
      <![CDATA[org.openqa.selenium.ElementClickInterceptedException: element click intercepted: Element <input type="checkbox" class="mat-checkbox-input cdk-visually-hidden" id="mat-checkbox-2-input" tabindex="0" aria-checked="false"> is not clickable at point (288, 301). Other element would receive the click: <div _ngcontent-veb-c387="" class="wm-table__cell contacts__check-cell">...</div>
  (Session info: chrome=120.0.6099.225)
Build info: version: '3.141.59', revision: 'e82be7d358', time: '2018-11-14T08:17:03'
System info: host: 'DESKTOP-MC7UQM0', ip: '172.26.64.1', os.name: 'Windows 10', os.arch: 'amd64', os.version: '10.0', java.version: '17.0.1'
Driver info: org.openqa.selenium.chrome.ChromeDriver
Capabilities {acceptInsecureCerts: false, browserName: chrome, browserVersion: 120.0.6099.225, chrome: {chromedriverVersion: 120.0.6099.109 (3419140ab66..., userDataDir: C:\Users\Admin\AppData\Loca...}, fedcm:accounts: true, goog:chromeOptions: {debuggerAddress: localhost:56138}, javascriptEnabled: true, networkConnectionEnabled: false, pageLoadStrategy: normal, platform: WINDOWS, platformName: WINDOWS, proxy: Proxy(), setWindowRect: true, strictFileInteractability: false, timeouts: {implicit: 0, pageLoad: 300000, script: 30000}, unhandledPromptBehavior: dismiss and notify, webauthn:extension:credBlob: true, webauthn:extension:largeBlob: true, webauthn:extension:minPinLength: true, webauthn:extension:prf: true, webauthn:virtualAuthenticators: true}
Session ID: 0d963cf935c2359a619dd2cd0d5e074b
at java.base/jdk.internal.reflect.NativeConstructorAccessorImpl.newInstance0(Native Method)
at java.base/jdk.internal.reflect.NativeConstructorAccessorImpl.newInstance(NativeConstructorAccessorImpl.java:77)
at java.base/jdk.internal.reflect.DelegatingConstructorAccessorImpl.newInstance(DelegatingConstructorAccessorImpl.java:45)
at java.base/java.lang.reflect.Constructor.newInstanceWithCaller(Constructor.java:499)
at java.base/java.lang.reflect.Constructor.newInstance(Constructor.java:480)
at org.openqa.selenium.remote.http.W3CHttpResponseCodec.createException(W3CHttpResponseCodec.java:187)
at org.openqa.selenium.remote.http.W3CHttpResponseCodec.decode(W3CHttpResponseCodec.java:122)
at org.openqa.selenium.remote.http.W3CHttpResponseCodec.decode(W3CHttpResponseCodec.java:49)
at org.openqa.selenium.remote.HttpCommandExecutor.execute(HttpCommandExecutor.java:158)
at org.openqa.selenium.remote.service.DriverCommandExecutor.execute(DriverCommandExecutor.java:83)
at org.openqa.selenium.remote.RemoteWebDriver.execute(RemoteWebDriver.java:552)
at org.openqa.selenium.remote.RemoteWebElement.execute(RemoteWebElement.java:285)
at org.openqa.selenium.remote.RemoteWebElement.click(RemoteWebElement.java:84)
at actions.Action.clickByLocator(Action.java:82)
at pages.contactInsights.ContactInsightsPo.clickOnCheckboxInHeader(ContactInsightsPo.java:232)
at steps.contactInsights.ContactInsightsSteps.whenTheUserChecksCheckboxInTheHeaderOfTheTableOnTheContactInsightsPage(ContactInsightsSteps.java:38)
at features.contactInsights.ViewContactFeature.theUserCanSelectAllContactsOnThePageByClickingOnTheCheckboxInTheHeader(ViewContactFeature.java:50)
at java.base/jdk.internal.reflect.NativeMethodAccessorImpl.invoke0(Native Method)
at java.base/jdk.internal.reflect.NativeMethodAccessorImpl.invoke(NativeMethodAccessorImpl.java:77)
at java.base/jdk.internal.reflect.DelegatingMethodAccessorImpl.invoke(DelegatingMethodAccessorImpl.java:43)
at java.base/java.lang.reflect.Method.invoke(Method.java:568)
at org.testng.internal.invokers.MethodInvocationHelper.invokeMethod(MethodInvocationHelper.java:139)
at org.testng.internal.invokers.TestInvoker.invokeMethod(TestInvoker.java:664)
at org.testng.internal.invokers.TestInvoker.invokeTestMethod(TestInvoker.java:227)
at org.testng.internal.invokers.MethodRunner.runInSequence(MethodRunner.java:50)
at org.testng.internal.invokers.TestInvoker$MethodInvocationAgent.invoke(TestInvoker.java:957)
at org.testng.internal.invokers.TestInvoker.invokeTestMethods(TestInvoker.java:200)
at org.testng.internal.invokers.TestMethodWorker.invokeTestMethods(TestMethodWorker.java:148)
at org.testng.internal.invokers.TestMethodWorker.run(TestMethodWorker.java:128)
at java.base/java.util.ArrayList.forEach(ArrayList.java:1511)
at org.testng.TestRunner.privateRun(TestRunner.java:848)
at org.testng.TestRunner.run(TestRunner.java:621)
at org.testng.SuiteRunner.runTest(SuiteRunner.java:443)
at org.testng.SuiteRunner.runSequentially(SuiteRunner.java:437)
at org.testng.SuiteRunner.privateRun(SuiteRunner.java:397)
at org.testng.SuiteRunner.run(SuiteRunner.java:336)
at org.testng.SuiteRunnerWorker.runSuite(SuiteRunnerWorker.java:52)
at org.testng.SuiteRunnerWorker.run(SuiteRunnerWorker.java:95)
at org.testng.TestNG.runSuitesSequentially(TestNG.java:1280)
at org.testng.TestNG.runSuitesLocally(TestNG.java:1200)
at org.testng.TestNG.runSuites(TestNG.java:1114)
at org.testng.TestNG.run(TestNG.java:1082)
at org.testng.remote.AbstractRemoteTestNG.run(AbstractRemoteTestNG.java:115)
at org.testng.remote.RemoteTestNG.initAndRun(RemoteTestNG.java:251)
at org.testng.remote.RemoteTestNG.main(RemoteTestNG.java:77)
]]>
    </failure>
  </testcase> <!-- theUserCanSelectAllContactsOnThePageByClickingOnTheCheckboxInTheHeader -->
  <testcase classname="features.contactInsights.ViewContactFeature" name="TheUserCanSelectASpecificContactInTheContactInsightsPage" time="0.0">
    <ignored/>
  </testcase> <!-- TheUserCanSelectASpecificContactInTheContactInsightsPage -->
  <testcase classname="features.contactInsights.ViewContactFeature" name="theUserCanSelectAllContactsByClickingOnTheCheckboxInTheHeaderGoToTheNextPageAndReturnToThePreviousPage" time="0.0">
    <ignored/>
  </testcase> <!-- theUserCanSelectAllContactsByClickingOnTheCheckboxInTheHeaderGoToTheNextPageAndReturnToThePreviousPage -->
  <testcase classname="features.contactInsights.ViewContactFeature" name="theUserCanChangeTheNumberOfContactsPerPageTo10" time="0.0">
    <ignored/>
  </testcase> <!-- theUserCanChangeTheNumberOfContactsPerPageTo10 -->
  <testcase classname="features.contactInsights.ViewContactFeature" name="theUserCanSelectAllContactsByClickingOnTheCheckboxInTheHeaderAndUncheckASpecificContactFromTheTable" time="0.0">
    <ignored/>
  </testcase> <!-- theUserCanSelectAllContactsByClickingOnTheCheckboxInTheHeaderAndUncheckASpecificContactFromTheTable -->
</testsuite> <!-- Default test -->
