<?xml version="1.0" encoding="UTF-8"?>
<!-- Generated by org.testng.reporters.JUnitReportReporter -->
<testsuite hostname="DESKTOP-GEA9L1T" failures="0" tests="1" name="features.contactInsights.AddNewContactFeature" time="100.682" errors="1" timestamp="2024-02-02T13:46:42 IST" skipped="0">
  <testcase classname="features.contactInsights.AddNewContactFeature" name="theUserCanAddANewContact" time="100.682">
    <error message="Expected condition failed: waiting for visibility of element located by By.cssSelector: button.connection-dialog__btn-add (tried for 10 second(s) with 500 milliseconds interval). Unable to get locator &#039;By.cssSelector: button.connection-dialog__btn-add&#039; with wait after 3 retries" type="java.lang.Exception">
      <![CDATA[java.lang.Exception: Expected condition failed: waiting for visibility of element located by By.cssSelector: button.connection-dialog__btn-add (tried for 10 second(s) with 500 milliseconds interval). Unable to get locator 'By.cssSelector: button.connection-dialog__btn-add' with wait after 3 retries
at helpers.ElementUtils.getElementWithWaitByLocator(ElementUtils.java:36)
at pages.contactInsights.CreateContactDialogPo.clickOnAssignContactToGroupsDropdown(CreateContactDialogPo.java:211)
at steps.contactInsights.CreateContactDialogSteps.whenTheUserClicksOnTheAssignContactToGroupsDropdownInTheCreateContactDialog(CreateContactDialogSteps.java:113)
at features.contactInsights.AddNewContactFeature.theUserCanAddANewContact(AddNewContactFeature.java:112)
at java.base/jdk.internal.reflect.NativeMethodAccessorImpl.invoke0(Native Method)
at java.base/jdk.internal.reflect.NativeMethodAccessorImpl.invoke(NativeMethodAccessorImpl.java:77)
at java.base/jdk.internal.reflect.DelegatingMethodAccessorImpl.invoke(DelegatingMethodAccessorImpl.java:43)
at java.base/java.lang.reflect.Method.invoke(Method.java:568)
at org.testng.internal.MethodInvocationHelper.invokeMethod(MethodInvocationHelper.java:133)
at org.testng.internal.TestInvoker.invokeMethod(TestInvoker.java:598)
at org.testng.internal.TestInvoker.invokeTestMethod(TestInvoker.java:173)
at org.testng.internal.MethodRunner.runInSequence(MethodRunner.java:46)
at org.testng.internal.TestInvoker$MethodInvocationAgent.invoke(TestInvoker.java:824)
at org.testng.internal.TestInvoker.invokeTestMethods(TestInvoker.java:146)
at org.testng.internal.TestMethodWorker.invokeTestMethods(TestMethodWorker.java:146)
at org.testng.internal.TestMethodWorker.run(TestMethodWorker.java:128)
at java.base/java.util.ArrayList.forEach(ArrayList.java:1511)
at org.testng.TestRunner.privateRun(TestRunner.java:794)
at org.testng.TestRunner.run(TestRunner.java:596)
at org.testng.SuiteRunner.runTest(SuiteRunner.java:377)
at org.testng.SuiteRunner.runSequentially(SuiteRunner.java:371)
at org.testng.SuiteRunner.privateRun(SuiteRunner.java:332)
at org.testng.SuiteRunner.run(SuiteRunner.java:276)
at org.testng.SuiteRunnerWorker.runSuite(SuiteRunnerWorker.java:53)
at org.testng.SuiteRunnerWorker.run(SuiteRunnerWorker.java:96)
at org.testng.TestNG.runSuitesSequentially(TestNG.java:1212)
at org.testng.TestNG.runSuitesLocally(TestNG.java:1134)
at org.testng.TestNG.runSuites(TestNG.java:1063)
at org.testng.TestNG.run(TestNG.java:1031)
at org.testng.remote.AbstractRemoteTestNG.run(AbstractRemoteTestNG.java:115)
at org.testng.remote.RemoteTestNG.initAndRun(RemoteTestNG.java:251)
at org.testng.remote.RemoteTestNG.main(RemoteTestNG.java:77)
]]>
    </error>
  </testcase> <!-- theUserCanAddANewContact -->
  <system-out/>
</testsuite> <!-- features.contactInsights.AddNewContactFeature -->
